[INFO] [2017-11-06 21:16:09][org.springframework.beans.factory.xml.XmlBeanDefinitionReader]Loading XML bean definitions from class path resource [spring-mybatis.xml]
[INFO] [2017-11-06 21:16:11][org.springframework.context.support.GenericApplicationContext]Refreshing org.springframework.context.support.GenericApplicationContext@783e6358: startup date [Mon Nov 06 21:16:11 CST 2017]; root of context hierarchy
[INFO] [2017-11-06 21:17:10][org.springframework.beans.factory.xml.XmlBeanDefinitionReader]Loading XML bean definitions from class path resource [spring-mybatis.xml]
[INFO] [2017-11-06 21:17:11][org.springframework.context.support.GenericApplicationContext]Refreshing org.springframework.context.support.GenericApplicationContext@2357d90a: startup date [Mon Nov 06 21:17:11 CST 2017]; root of context hierarchy
[INFO] [2017-11-06 21:17:20][org.springframework.beans.factory.xml.XmlBeanDefinitionReader]Loading XML bean definitions from class path resource [spring-mybatis.xml]
[WARN] [2017-11-06 21:17:21][org.springframework.beans.factory.xml.XmlBeanDefinitionReader]Ignored XML validation warning
org.xml.sax.SAXParseException; lineNumber: 81; columnNumber: 14; schema_reference.4: 无法读取方案文档 'http://www.springframework.org/schema/aop/spring-aop-4.1.xsd', 原因为 1) 无法找到文档; 2) 无法读取文档; 3) 文档的根元素不是 <xsd:schema>。
	at com.sun.org.apache.xerces.internal.util.ErrorHandlerWrapper.createSAXParseException(ErrorHandlerWrapper.java:203)
	at com.sun.org.apache.xerces.internal.util.ErrorHandlerWrapper.warning(ErrorHandlerWrapper.java:99)
	at com.sun.org.apache.xerces.internal.impl.XMLErrorReporter.reportError(XMLErrorReporter.java:392)
	at com.sun.org.apache.xerces.internal.impl.XMLErrorReporter.reportError(XMLErrorReporter.java:306)
	at com.sun.org.apache.xerces.internal.impl.xs.traversers.XSDHandler.reportSchemaErr(XSDHandler.java:4162)
	at com.sun.org.apache.xerces.internal.impl.xs.traversers.XSDHandler.reportSchemaWarning(XSDHandler.java:4153)
	at com.sun.org.apache.xerces.internal.impl.xs.traversers.XSDHandler.getSchemaDocument1(XSDHandler.java:2486)
	at com.sun.org.apache.xerces.internal.impl.xs.traversers.XSDHandler.getSchemaDocument(XSDHandler.java:2183)
	at com.sun.org.apache.xerces.internal.impl.xs.traversers.XSDHandler.parseSchema(XSDHandler.java:569)
	at com.sun.org.apache.xerces.internal.impl.xs.XMLSchemaLoader.loadSchema(XMLSchemaLoader.java:613)
	at com.sun.org.apache.xerces.internal.impl.xs.XMLSchemaValidator.findSchemaGrammar(XMLSchemaValidator.java:2446)
	at com.sun.org.apache.xerces.internal.impl.xs.XMLSchemaValidator.handleStartElement(XMLSchemaValidator.java:1767)
	at com.sun.org.apache.xerces.internal.impl.xs.XMLSchemaValidator.startElement(XMLSchemaValidator.java:740)
	at com.sun.org.apache.xerces.internal.impl.XMLNSDocumentScannerImpl.scanStartElement(XMLNSDocumentScannerImpl.java:380)
	at com.sun.org.apache.xerces.internal.impl.XMLDocumentFragmentScannerImpl$FragmentContentDriver.next(XMLDocumentFragmentScannerImpl.java:2787)
	at com.sun.org.apache.xerces.internal.impl.XMLDocumentScannerImpl.next(XMLDocumentScannerImpl.java:606)
	at com.sun.org.apache.xerces.internal.impl.XMLNSDocumentScannerImpl.next(XMLNSDocumentScannerImpl.java:118)
	at com.sun.org.apache.xerces.internal.impl.XMLDocumentFragmentScannerImpl.scanDocument(XMLDocumentFragmentScannerImpl.java:510)
	at com.sun.org.apache.xerces.internal.parsers.XML11Configuration.parse(XML11Configuration.java:848)
	at com.sun.org.apache.xerces.internal.parsers.XML11Configuration.parse(XML11Configuration.java:777)
	at com.sun.org.apache.xerces.internal.parsers.XMLParser.parse(XMLParser.java:141)
	at com.sun.org.apache.xerces.internal.parsers.DOMParser.parse(DOMParser.java:243)
	at com.sun.org.apache.xerces.internal.jaxp.DocumentBuilderImpl.parse(DocumentBuilderImpl.java:339)
	at org.springframework.beans.factory.xml.DefaultDocumentLoader.loadDocument(DefaultDocumentLoader.java:76)
	at org.springframework.beans.factory.xml.XmlBeanDefinitionReader.doLoadDocument(XmlBeanDefinitionReader.java:428)
	at org.springframework.beans.factory.xml.XmlBeanDefinitionReader.doLoadBeanDefinitions(XmlBeanDefinitionReader.java:390)
	at org.springframework.beans.factory.xml.XmlBeanDefinitionReader.loadBeanDefinitions(XmlBeanDefinitionReader.java:335)
	at org.springframework.beans.factory.xml.XmlBeanDefinitionReader.loadBeanDefinitions(XmlBeanDefinitionReader.java:303)
	at org.springframework.beans.factory.support.AbstractBeanDefinitionReader.loadBeanDefinitions(AbstractBeanDefinitionReader.java:180)
	at org.springframework.beans.factory.support.AbstractBeanDefinitionReader.loadBeanDefinitions(AbstractBeanDefinitionReader.java:216)
	at org.springframework.beans.factory.support.AbstractBeanDefinitionReader.loadBeanDefinitions(AbstractBeanDefinitionReader.java:187)
	at org.springframework.beans.factory.support.AbstractBeanDefinitionReader.loadBeanDefinitions(AbstractBeanDefinitionReader.java:251)
	at org.springframework.test.context.support.AbstractGenericContextLoader.loadBeanDefinitions(AbstractGenericContextLoader.java:235)
	at org.springframework.test.context.support.AbstractGenericContextLoader.loadContext(AbstractGenericContextLoader.java:118)
	at org.springframework.test.context.support.AbstractGenericContextLoader.loadContext(AbstractGenericContextLoader.java:60)
	at org.springframework.test.context.support.AbstractDelegatingSmartContextLoader.delegateLoading(AbstractDelegatingSmartContextLoader.java:100)
	at org.springframework.test.context.support.AbstractDelegatingSmartContextLoader.loadContext(AbstractDelegatingSmartContextLoader.java:250)
	at org.springframework.test.context.CacheAwareContextLoaderDelegate.loadContextInternal(CacheAwareContextLoaderDelegate.java:64)
	at org.springframework.test.context.CacheAwareContextLoaderDelegate.loadContext(CacheAwareContextLoaderDelegate.java:91)
	at org.springframework.test.context.DefaultTestContext.getApplicationContext(DefaultTestContext.java:101)
	at org.springframework.test.context.support.DependencyInjectionTestExecutionListener.injectDependencies(DependencyInjectionTestExecutionListener.java:109)
	at org.springframework.test.context.support.DependencyInjectionTestExecutionListener.prepareTestInstance(DependencyInjectionTestExecutionListener.java:75)
	at org.springframework.test.context.TestContextManager.prepareTestInstance(TestContextManager.java:319)
	at org.springframework.test.context.junit4.SpringJUnit4ClassRunner.createTest(SpringJUnit4ClassRunner.java:212)
	at org.springframework.test.context.junit4.SpringJUnit4ClassRunner$1.runReflectiveCall(SpringJUnit4ClassRunner.java:289)
	at org.junit.internal.runners.model.ReflectiveCallable.run(ReflectiveCallable.java:12)
	at org.springframework.test.context.junit4.SpringJUnit4ClassRunner.methodBlock(SpringJUnit4ClassRunner.java:291)
	at org.springframework.test.context.junit4.SpringJUnit4ClassRunner.runChild(SpringJUnit4ClassRunner.java:232)
	at org.springframework.test.context.junit4.SpringJUnit4ClassRunner.runChild(SpringJUnit4ClassRunner.java:89)
	at org.junit.runners.ParentRunner$3.run(ParentRunner.java:238)
	at org.junit.runners.ParentRunner$1.schedule(ParentRunner.java:63)
	at org.junit.runners.ParentRunner.runChildren(ParentRunner.java:236)
	at org.junit.runners.ParentRunner.access$000(ParentRunner.java:53)
	at org.junit.runners.ParentRunner$2.evaluate(ParentRunner.java:229)
	at org.springframework.test.context.junit4.statements.RunBeforeTestClassCallbacks.evaluate(RunBeforeTestClassCallbacks.java:61)
	at org.springframework.test.context.junit4.statements.RunAfterTestClassCallbacks.evaluate(RunAfterTestClassCallbacks.java:71)
	at org.junit.runners.ParentRunner.run(ParentRunner.java:309)
	at org.springframework.test.context.junit4.SpringJUnit4ClassRunner.run(SpringJUnit4ClassRunner.java:175)
	at org.eclipse.jdt.internal.junit4.runner.JUnit4TestReference.run(JUnit4TestReference.java:86)
	at org.eclipse.jdt.internal.junit.runner.TestExecution.run(TestExecution.java:38)
	at org.eclipse.jdt.internal.junit.runner.RemoteTestRunner.runTests(RemoteTestRunner.java:459)
	at org.eclipse.jdt.internal.junit.runner.RemoteTestRunner.runTests(RemoteTestRunner.java:675)
	at org.eclipse.jdt.internal.junit.runner.RemoteTestRunner.run(RemoteTestRunner.java:382)
	at org.eclipse.jdt.internal.junit.runner.RemoteTestRunner.main(RemoteTestRunner.java:192)
Caused by: java.net.SocketException: Connection reset
	at java.net.SocketInputStream.read(SocketInputStream.java:209)
	at java.net.SocketInputStream.read(SocketInputStream.java:141)
	at java.io.BufferedInputStream.fill(BufferedInputStream.java:246)
	at java.io.BufferedInputStream.read1(BufferedInputStream.java:286)
	at java.io.BufferedInputStream.read(BufferedInputStream.java:345)
	at sun.net.www.MeteredStream.read(MeteredStream.java:134)
	at java.io.FilterInputStream.read(FilterInputStream.java:133)
	at sun.net.www.protocol.http.HttpURLConnection$HttpInputStream.read(HttpURLConnection.java:3336)
	at com.sun.org.apache.xerces.internal.impl.XMLEntityManager$RewindableInputStream.read(XMLEntityManager.java:2928)
	at com.sun.org.apache.xerces.internal.impl.io.UTF8Reader.read(UTF8Reader.java:302)
	at com.sun.org.apache.xerces.internal.impl.XMLEntityScanner.load(XMLEntityScanner.java:1793)
	at com.sun.org.apache.xerces.internal.impl.XMLEntityScanner.scanQName(XMLEntityScanner.java:852)
	at com.sun.org.apache.xerces.internal.impl.XMLNSDocumentScannerImpl.scanStartElement(XMLNSDocumentScannerImpl.java:199)
	at com.sun.org.apache.xerces.internal.impl.XMLDocumentFragmentScannerImpl$FragmentContentDriver.next(XMLDocumentFragmentScannerImpl.java:2787)
	at com.sun.org.apache.xerces.internal.impl.XMLDocumentScannerImpl.next(XMLDocumentScannerImpl.java:606)
	at com.sun.org.apache.xerces.internal.impl.XMLNSDocumentScannerImpl.next(XMLNSDocumentScannerImpl.java:118)
	at com.sun.org.apache.xerces.internal.impl.XMLDocumentFragmentScannerImpl.scanDocument(XMLDocumentFragmentScannerImpl.java:510)
	at com.sun.org.apache.xerces.internal.impl.xs.opti.SchemaParsingConfig.parse(SchemaParsingConfig.java:629)
	at com.sun.org.apache.xerces.internal.impl.xs.opti.SchemaParsingConfig.parse(SchemaParsingConfig.java:685)
	at com.sun.org.apache.xerces.internal.impl.xs.opti.SchemaDOMParser.parse(SchemaDOMParser.java:530)
	at com.sun.org.apache.xerces.internal.impl.xs.traversers.XSDHandler.getSchemaDocument(XSDHandler.java:2171)
	... 56 more
[ERROR] [2017-11-06 21:17:21][org.springframework.test.context.TestContextManager]Caught exception while allowing TestExecutionListener [org.springframework.test.context.support.DependencyInjectionTestExecutionListener@6bf0219d] to prepare test instance [com.sky.ssm.test.TestMyBatis@dd0c991]
java.lang.IllegalStateException: Failed to load ApplicationContext
	at org.springframework.test.context.CacheAwareContextLoaderDelegate.loadContext(CacheAwareContextLoaderDelegate.java:99)
	at org.springframework.test.context.DefaultTestContext.getApplicationContext(DefaultTestContext.java:101)
	at org.springframework.test.context.support.DependencyInjectionTestExecutionListener.injectDependencies(DependencyInjectionTestExecutionListener.java:109)
	at org.springframework.test.context.support.DependencyInjectionTestExecutionListener.prepareTestInstance(DependencyInjectionTestExecutionListener.java:75)
	at org.springframework.test.context.TestContextManager.prepareTestInstance(TestContextManager.java:319)
	at org.springframework.test.context.junit4.SpringJUnit4ClassRunner.createTest(SpringJUnit4ClassRunner.java:212)
	at org.springframework.test.context.junit4.SpringJUnit4ClassRunner$1.runReflectiveCall(SpringJUnit4ClassRunner.java:289)
	at org.junit.internal.runners.model.ReflectiveCallable.run(ReflectiveCallable.java:12)
	at org.springframework.test.context.junit4.SpringJUnit4ClassRunner.methodBlock(SpringJUnit4ClassRunner.java:291)
	at org.springframework.test.context.junit4.SpringJUnit4ClassRunner.runChild(SpringJUnit4ClassRunner.java:232)
	at org.springframework.test.context.junit4.SpringJUnit4ClassRunner.runChild(SpringJUnit4ClassRunner.java:89)
	at org.junit.runners.ParentRunner$3.run(ParentRunner.java:238)
	at org.junit.runners.ParentRunner$1.schedule(ParentRunner.java:63)
	at org.junit.runners.ParentRunner.runChildren(ParentRunner.java:236)
	at org.junit.runners.ParentRunner.access$000(ParentRunner.java:53)
	at org.junit.runners.ParentRunner$2.evaluate(ParentRunner.java:229)
	at org.springframework.test.context.junit4.statements.RunBeforeTestClassCallbacks.evaluate(RunBeforeTestClassCallbacks.java:61)
	at org.springframework.test.context.junit4.statements.RunAfterTestClassCallbacks.evaluate(RunAfterTestClassCallbacks.java:71)
	at org.junit.runners.ParentRunner.run(ParentRunner.java:309)
	at org.springframework.test.context.junit4.SpringJUnit4ClassRunner.run(SpringJUnit4ClassRunner.java:175)
	at org.eclipse.jdt.internal.junit4.runner.JUnit4TestReference.run(JUnit4TestReference.java:86)
	at org.eclipse.jdt.internal.junit.runner.TestExecution.run(TestExecution.java:38)
	at org.eclipse.jdt.internal.junit.runner.RemoteTestRunner.runTests(RemoteTestRunner.java:459)
	at org.eclipse.jdt.internal.junit.runner.RemoteTestRunner.runTests(RemoteTestRunner.java:675)
	at org.eclipse.jdt.internal.junit.runner.RemoteTestRunner.run(RemoteTestRunner.java:382)
	at org.eclipse.jdt.internal.junit.runner.RemoteTestRunner.main(RemoteTestRunner.java:192)
Caused by: org.springframework.beans.factory.xml.XmlBeanDefinitionStoreException: Line 81 in XML document from class path resource [spring-mybatis.xml] is invalid; nested exception is org.xml.sax.SAXParseException; lineNumber: 81; columnNumber: 14; cvc-complex-type.2.4.c: 通配符的匹配很全面, 但无法找到元素 'aop:config' 的声明。
	at org.springframework.beans.factory.xml.XmlBeanDefinitionReader.doLoadBeanDefinitions(XmlBeanDefinitionReader.java:398)
	at org.springframework.beans.factory.xml.XmlBeanDefinitionReader.loadBeanDefinitions(XmlBeanDefinitionReader.java:335)
	at org.springframework.beans.factory.xml.XmlBeanDefinitionReader.loadBeanDefinitions(XmlBeanDefinitionReader.java:303)
	at org.springframework.beans.factory.support.AbstractBeanDefinitionReader.loadBeanDefinitions(AbstractBeanDefinitionReader.java:180)
	at org.springframework.beans.factory.support.AbstractBeanDefinitionReader.loadBeanDefinitions(AbstractBeanDefinitionReader.java:216)
	at org.springframework.beans.factory.support.AbstractBeanDefinitionReader.loadBeanDefinitions(AbstractBeanDefinitionReader.java:187)
	at org.springframework.beans.factory.support.AbstractBeanDefinitionReader.loadBeanDefinitions(AbstractBeanDefinitionReader.java:251)
	at org.springframework.test.context.support.AbstractGenericContextLoader.loadBeanDefinitions(AbstractGenericContextLoader.java:235)
	at org.springframework.test.context.support.AbstractGenericContextLoader.loadContext(AbstractGenericContextLoader.java:118)
	at org.springframework.test.context.support.AbstractGenericContextLoader.loadContext(AbstractGenericContextLoader.java:60)
	at org.springframework.test.context.support.AbstractDelegatingSmartContextLoader.delegateLoading(AbstractDelegatingSmartContextLoader.java:100)
	at org.springframework.test.context.support.AbstractDelegatingSmartContextLoader.loadContext(AbstractDelegatingSmartContextLoader.java:250)
	at org.springframework.test.context.CacheAwareContextLoaderDelegate.loadContextInternal(CacheAwareContextLoaderDelegate.java:64)
	at org.springframework.test.context.CacheAwareContextLoaderDelegate.loadContext(CacheAwareContextLoaderDelegate.java:91)
	... 25 more
Caused by: org.xml.sax.SAXParseException; lineNumber: 81; columnNumber: 14; cvc-complex-type.2.4.c: 通配符的匹配很全面, 但无法找到元素 'aop:config' 的声明。
	at com.sun.org.apache.xerces.internal.util.ErrorHandlerWrapper.createSAXParseException(ErrorHandlerWrapper.java:203)
	at com.sun.org.apache.xerces.internal.util.ErrorHandlerWrapper.error(ErrorHandlerWrapper.java:134)
	at com.sun.org.apache.xerces.internal.impl.XMLErrorReporter.reportError(XMLErrorReporter.java:396)
	at com.sun.org.apache.xerces.internal.impl.XMLErrorReporter.reportError(XMLErrorReporter.java:327)
	at com.sun.org.apache.xerces.internal.impl.XMLErrorReporter.reportError(XMLErrorReporter.java:284)
	at com.sun.org.apache.xerces.internal.impl.xs.XMLSchemaValidator$XSIErrorReporter.reportError(XMLSchemaValidator.java:452)
	at com.sun.org.apache.xerces.internal.impl.xs.XMLSchemaValidator.reportSchemaError(XMLSchemaValidator.java:3230)
	at com.sun.org.apache.xerces.internal.impl.xs.XMLSchemaValidator.handleStartElement(XMLSchemaValidator.java:1911)
	at com.sun.org.apache.xerces.internal.impl.xs.XMLSchemaValidator.startElement(XMLSchemaValidator.java:740)
	at com.sun.org.apache.xerces.internal.impl.XMLNSDocumentScannerImpl.scanStartElement(XMLNSDocumentScannerImpl.java:380)
	at com.sun.org.apache.xerces.internal.impl.XMLDocumentFragmentScannerImpl$FragmentContentDriver.next(XMLDocumentFragmentScannerImpl.java:2787)
	at com.sun.org.apache.xerces.internal.impl.XMLDocumentScannerImpl.next(XMLDocumentScannerImpl.java:606)
	at com.sun.org.apache.xerces.internal.impl.XMLNSDocumentScannerImpl.next(XMLNSDocumentScannerImpl.java:118)
	at com.sun.org.apache.xerces.internal.impl.XMLDocumentFragmentScannerImpl.scanDocument(XMLDocumentFragmentScannerImpl.java:510)
	at com.sun.org.apache.xerces.internal.parsers.XML11Configuration.parse(XML11Configuration.java:848)
	at com.sun.org.apache.xerces.internal.parsers.XML11Configuration.parse(XML11Configuration.java:777)
	at com.sun.org.apache.xerces.internal.parsers.XMLParser.parse(XMLParser.java:141)
	at com.sun.org.apache.xerces.internal.parsers.DOMParser.parse(DOMParser.java:243)
	at com.sun.org.apache.xerces.internal.jaxp.DocumentBuilderImpl.parse(DocumentBuilderImpl.java:339)
	at org.springframework.beans.factory.xml.DefaultDocumentLoader.loadDocument(DefaultDocumentLoader.java:76)
	at org.springframework.beans.factory.xml.XmlBeanDefinitionReader.doLoadDocument(XmlBeanDefinitionReader.java:428)
	at org.springframework.beans.factory.xml.XmlBeanDefinitionReader.doLoadBeanDefinitions(XmlBeanDefinitionReader.java:390)
	... 38 more
[INFO] [2017-11-06 21:19:19][org.springframework.beans.factory.xml.XmlBeanDefinitionReader]Loading XML bean definitions from class path resource [spring-mybatis.xml]
[INFO] [2017-11-06 21:19:19][org.springframework.context.support.GenericApplicationContext]Refreshing org.springframework.context.support.GenericApplicationContext@2357d90a: startup date [Mon Nov 06 21:19:19 CST 2017]; root of context hierarchy
[INFO] [2017-11-06 21:19:36][org.springframework.beans.factory.xml.XmlBeanDefinitionReader]Loading XML bean definitions from class path resource [spring-mybatis.xml]
[INFO] [2017-11-06 21:19:36][org.springframework.context.support.GenericApplicationContext]Refreshing org.springframework.context.support.GenericApplicationContext@783e6358: startup date [Mon Nov 06 21:19:36 CST 2017]; root of context hierarchy
[INFO] [2017-11-06 21:19:50][org.springframework.beans.factory.xml.XmlBeanDefinitionReader]Loading XML bean definitions from class path resource [spring-mybatis.xml]
[INFO] [2017-11-06 21:19:50][org.springframework.context.support.GenericApplicationContext]Refreshing org.springframework.context.support.GenericApplicationContext@246ae04d: startup date [Mon Nov 06 21:19:50 CST 2017]; root of context hierarchy
[INFO] [2017-11-06 21:20:24][org.springframework.beans.factory.xml.XmlBeanDefinitionReader]Loading XML bean definitions from class path resource [spring-mybatis.xml]
[INFO] [2017-11-06 21:20:24][org.springframework.context.support.GenericApplicationContext]Refreshing org.springframework.context.support.GenericApplicationContext@246ae04d: startup date [Mon Nov 06 21:20:24 CST 2017]; root of context hierarchy
[INFO] [2017-11-06 21:22:18][org.springframework.beans.factory.xml.XmlBeanDefinitionReader]Loading XML bean definitions from class path resource [spring-mybatis.xml]
[INFO] [2017-11-06 21:22:19][org.springframework.context.support.GenericApplicationContext]Refreshing org.springframework.context.support.GenericApplicationContext@783e6358: startup date [Mon Nov 06 21:22:19 CST 2017]; root of context hierarchy
[INFO] [2017-11-06 21:23:31][org.springframework.beans.factory.xml.XmlBeanDefinitionReader]Loading XML bean definitions from class path resource [spring-mybatis.xml]
[INFO] [2017-11-06 21:23:31][org.springframework.context.support.GenericApplicationContext]Refreshing org.springframework.context.support.GenericApplicationContext@783e6358: startup date [Mon Nov 06 21:23:31 CST 2017]; root of context hierarchy
[INFO] [2017-11-06 21:24:05][org.springframework.beans.factory.xml.XmlBeanDefinitionReader]Loading XML bean definitions from class path resource [spring-mybatis.xml]
[INFO] [2017-11-06 21:24:06][org.springframework.context.support.GenericApplicationContext]Refreshing org.springframework.context.support.GenericApplicationContext@783e6358: startup date [Mon Nov 06 21:24:06 CST 2017]; root of context hierarchy
[INFO] [2017-11-06 21:25:05][org.springframework.beans.factory.xml.XmlBeanDefinitionReader]Loading XML bean definitions from class path resource [spring-mybatis.xml]
[INFO] [2017-11-06 21:25:05][org.springframework.context.support.GenericApplicationContext]Refreshing org.springframework.context.support.GenericApplicationContext@246ae04d: startup date [Mon Nov 06 21:25:05 CST 2017]; root of context hierarchy
[INFO] [2017-11-06 21:27:56][org.springframework.beans.factory.xml.XmlBeanDefinitionReader]Loading XML bean definitions from class path resource [spring-mybatis.xml]
[INFO] [2017-11-06 21:27:56][org.springframework.context.support.GenericApplicationContext]Refreshing org.springframework.context.support.GenericApplicationContext@246ae04d: startup date [Mon Nov 06 21:27:56 CST 2017]; root of context hierarchy
[INFO] [2017-11-06 21:29:22][org.springframework.beans.factory.xml.XmlBeanDefinitionReader]Loading XML bean definitions from class path resource [spring-mybatis.xml]
[INFO] [2017-11-06 21:29:22][org.springframework.context.support.GenericApplicationContext]Refreshing org.springframework.context.support.GenericApplicationContext@5315b42e: startup date [Mon Nov 06 21:29:22 CST 2017]; root of context hierarchy
[INFO] [2017-11-06 21:29:22][org.springframework.beans.factory.config.PropertyPlaceholderConfigurer]Loading properties file from class path resource [jdbc.properties]
[INFO] [2017-11-06 21:29:22][org.springframework.beans.factory.annotation.AutowiredAnnotationBeanPostProcessor]JSR-330 'javax.inject.Inject' annotation found and supported for autowiring
[INFO] [2017-11-06 21:29:23][com.sky.ssm.test.TestMyBatis]1
[INFO] [2017-11-06 21:29:23][org.springframework.context.support.GenericApplicationContext]Closing org.springframework.context.support.GenericApplicationContext@5315b42e: startup date [Mon Nov 06 21:29:22 CST 2017]; root of context hierarchy
[INFO] [2017-11-06 21:30:08][org.springframework.beans.factory.xml.XmlBeanDefinitionReader]Loading XML bean definitions from class path resource [spring-mybatis.xml]
[INFO] [2017-11-06 21:30:09][org.springframework.context.support.GenericApplicationContext]Refreshing org.springframework.context.support.GenericApplicationContext@735f7ae5: startup date [Mon Nov 06 21:30:09 CST 2017]; root of context hierarchy
[INFO] [2017-11-06 21:30:09][org.springframework.beans.factory.config.PropertyPlaceholderConfigurer]Loading properties file from class path resource [jdbc.properties]
[INFO] [2017-11-06 21:30:09][org.springframework.beans.factory.annotation.AutowiredAnnotationBeanPostProcessor]JSR-330 'javax.inject.Inject' annotation found and supported for autowiring
[INFO] [2017-11-06 21:30:09][com.sky.ssm.test.TestMyBatis]1
[INFO] [2017-11-06 21:30:10][com.sky.ssm.test.TestMyBatis]null
[INFO] [2017-11-06 21:30:10][org.springframework.context.support.GenericApplicationContext]Closing org.springframework.context.support.GenericApplicationContext@735f7ae5: startup date [Mon Nov 06 21:30:09 CST 2017]; root of context hierarchy
[INFO] [2017-11-07 17:42:22][org.springframework.beans.factory.xml.XmlBeanDefinitionReader]Loading XML bean definitions from class path resource [spring-mybatis.xml]
[INFO] [2017-11-07 17:42:22][org.springframework.context.support.GenericApplicationContext]Refreshing org.springframework.context.support.GenericApplicationContext@735f7ae5: startup date [Tue Nov 07 17:42:22 CST 2017]; root of context hierarchy
[INFO] [2017-11-07 17:42:22][org.springframework.beans.factory.config.PropertyPlaceholderConfigurer]Loading properties file from class path resource [jdbc.properties]
[INFO] [2017-11-07 17:42:22][org.springframework.beans.factory.annotation.AutowiredAnnotationBeanPostProcessor]JSR-330 'javax.inject.Inject' annotation found and supported for autowiring
[INFO] [2017-11-07 17:42:24][com.sky.ssm.test.TestMyBatis]{"createBy":0,"createTime":1510047743725,"deleted":0,"email":"bxp0@163.com","moblie":"123456","password":"202CB962AC59075B964B07152D234B70","qq":"541350","realName":"測試0","remark":"1233123","sex":0,"userName":"test0","wechat":"wahceaes"}
[INFO] [2017-11-07 17:42:24][com.sky.ssm.test.TestMyBatis]{"createBy":0,"createTime":1510047744222,"deleted":0,"email":"bxp1@163.com","moblie":"123456","password":"202CB962AC59075B964B07152D234B70","qq":"541351","realName":"測試1","remark":"1233123","sex":1,"userName":"test1","wechat":"wahceaes"}
[INFO] [2017-11-07 17:42:24][com.sky.ssm.test.TestMyBatis]{"createBy":0,"createTime":1510047744224,"deleted":0,"email":"bxp2@163.com","moblie":"123456","password":"202CB962AC59075B964B07152D234B70","qq":"541352","realName":"測試2","remark":"1233123","sex":0,"userName":"test2","wechat":"wahceaes"}
[INFO] [2017-11-07 17:42:24][com.sky.ssm.test.TestMyBatis]{"createBy":0,"createTime":1510047744226,"deleted":0,"email":"bxp3@163.com","moblie":"123456","password":"202CB962AC59075B964B07152D234B70","qq":"541353","realName":"測試3","remark":"1233123","sex":1,"userName":"test3","wechat":"wahceaes"}
[INFO] [2017-11-07 17:42:24][com.sky.ssm.test.TestMyBatis]{"createBy":0,"createTime":1510047744227,"deleted":0,"email":"bxp4@163.com","moblie":"123456","password":"202CB962AC59075B964B07152D234B70","qq":"541354","realName":"測試4","remark":"1233123","sex":0,"userName":"test4","wechat":"wahceaes"}
[INFO] [2017-11-07 17:42:24][com.sky.ssm.test.TestMyBatis]{"createBy":0,"createTime":1510047744229,"deleted":0,"email":"bxp5@163.com","moblie":"123456","password":"202CB962AC59075B964B07152D234B70","qq":"541355","realName":"測試5","remark":"1233123","sex":1,"userName":"test5","wechat":"wahceaes"}
[INFO] [2017-11-07 17:42:24][com.sky.ssm.test.TestMyBatis]{"createBy":0,"createTime":1510047744231,"deleted":0,"email":"bxp6@163.com","moblie":"123456","password":"202CB962AC59075B964B07152D234B70","qq":"541356","realName":"測試6","remark":"1233123","sex":0,"userName":"test6","wechat":"wahceaes"}
[INFO] [2017-11-07 17:42:24][com.sky.ssm.test.TestMyBatis]{"createBy":0,"createTime":1510047744233,"deleted":0,"email":"bxp7@163.com","moblie":"123456","password":"202CB962AC59075B964B07152D234B70","qq":"541357","realName":"測試7","remark":"1233123","sex":1,"userName":"test7","wechat":"wahceaes"}
[INFO] [2017-11-07 17:42:24][com.sky.ssm.test.TestMyBatis]{"createBy":0,"createTime":1510047744234,"deleted":0,"email":"bxp8@163.com","moblie":"123456","password":"202CB962AC59075B964B07152D234B70","qq":"541358","realName":"測試8","remark":"1233123","sex":0,"userName":"test8","wechat":"wahceaes"}
[INFO] [2017-11-07 17:42:24][com.sky.ssm.test.TestMyBatis]{"createBy":0,"createTime":1510047744236,"deleted":0,"email":"bxp9@163.com","moblie":"123456","password":"202CB962AC59075B964B07152D234B70","qq":"541359","realName":"測試9","remark":"1233123","sex":1,"userName":"test9","wechat":"wahceaes"}
[INFO] [2017-11-07 17:42:24][com.sky.ssm.test.TestMyBatis]{"createBy":0,"createTime":1510047744237,"deleted":0,"email":"bxp10@163.com","moblie":"123456","password":"202CB962AC59075B964B07152D234B70","qq":"5413510","realName":"測試10","remark":"1233123","sex":0,"userName":"test10","wechat":"wahceaes"}
[INFO] [2017-11-07 17:42:24][com.sky.ssm.test.TestMyBatis]{"createBy":0,"createTime":1510047744238,"deleted":0,"email":"bxp11@163.com","moblie":"123456","password":"202CB962AC59075B964B07152D234B70","qq":"5413511","realName":"測試11","remark":"1233123","sex":1,"userName":"test11","wechat":"wahceaes"}
[INFO] [2017-11-07 17:42:24][com.sky.ssm.test.TestMyBatis]{"createBy":0,"createTime":1510047744240,"deleted":0,"email":"bxp12@163.com","moblie":"123456","password":"202CB962AC59075B964B07152D234B70","qq":"5413512","realName":"測試12","remark":"1233123","sex":0,"userName":"test12","wechat":"wahceaes"}
[INFO] [2017-11-07 17:42:24][com.sky.ssm.test.TestMyBatis]{"createBy":0,"createTime":1510047744241,"deleted":0,"email":"bxp13@163.com","moblie":"123456","password":"202CB962AC59075B964B07152D234B70","qq":"5413513","realName":"測試13","remark":"1233123","sex":1,"userName":"test13","wechat":"wahceaes"}
[INFO] [2017-11-07 17:42:24][com.sky.ssm.test.TestMyBatis]{"createBy":0,"createTime":1510047744243,"deleted":0,"email":"bxp14@163.com","moblie":"123456","password":"202CB962AC59075B964B07152D234B70","qq":"5413514","realName":"測試14","remark":"1233123","sex":0,"userName":"test14","wechat":"wahceaes"}
[INFO] [2017-11-07 17:42:24][com.sky.ssm.test.TestMyBatis]{"createBy":0,"createTime":1510047744246,"deleted":0,"email":"bxp15@163.com","moblie":"123456","password":"202CB962AC59075B964B07152D234B70","qq":"5413515","realName":"測試15","remark":"1233123","sex":1,"userName":"test15","wechat":"wahceaes"}
[INFO] [2017-11-07 17:42:24][com.sky.ssm.test.TestMyBatis]{"createBy":0,"createTime":1510047744252,"deleted":0,"email":"bxp16@163.com","moblie":"123456","password":"202CB962AC59075B964B07152D234B70","qq":"5413516","realName":"測試16","remark":"1233123","sex":0,"userName":"test16","wechat":"wahceaes"}
[INFO] [2017-11-07 17:42:24][com.sky.ssm.test.TestMyBatis]{"createBy":0,"createTime":1510047744254,"deleted":0,"email":"bxp17@163.com","moblie":"123456","password":"202CB962AC59075B964B07152D234B70","qq":"5413517","realName":"測試17","remark":"1233123","sex":1,"userName":"test17","wechat":"wahceaes"}
[INFO] [2017-11-07 17:42:24][com.sky.ssm.test.TestMyBatis]{"createBy":0,"createTime":1510047744255,"deleted":0,"email":"bxp18@163.com","moblie":"123456","password":"202CB962AC59075B964B07152D234B70","qq":"5413518","realName":"測試18","remark":"1233123","sex":0,"userName":"test18","wechat":"wahceaes"}
[INFO] [2017-11-07 17:42:24][com.sky.ssm.test.TestMyBatis]{"createBy":0,"createTime":1510047744257,"deleted":0,"email":"bxp19@163.com","moblie":"123456","password":"202CB962AC59075B964B07152D234B70","qq":"5413519","realName":"測試19","remark":"1233123","sex":1,"userName":"test19","wechat":"wahceaes"}
[INFO] [2017-11-07 17:42:24][com.sky.ssm.test.TestMyBatis]{"createBy":0,"createTime":1510047744258,"deleted":0,"email":"bxp20@163.com","moblie":"123456","password":"202CB962AC59075B964B07152D234B70","qq":"5413520","realName":"測試20","remark":"1233123","sex":0,"userName":"test20","wechat":"wahceaes"}
[INFO] [2017-11-07 17:42:24][com.sky.ssm.test.TestMyBatis]{"createBy":0,"createTime":1510047744260,"deleted":0,"email":"bxp21@163.com","moblie":"123456","password":"202CB962AC59075B964B07152D234B70","qq":"5413521","realName":"測試21","remark":"1233123","sex":1,"userName":"test21","wechat":"wahceaes"}
[INFO] [2017-11-07 17:42:24][com.sky.ssm.test.TestMyBatis]{"createBy":0,"createTime":1510047744262,"deleted":0,"email":"bxp22@163.com","moblie":"123456","password":"202CB962AC59075B964B07152D234B70","qq":"5413522","realName":"測試22","remark":"1233123","sex":0,"userName":"test22","wechat":"wahceaes"}
[INFO] [2017-11-07 17:42:24][com.sky.ssm.test.TestMyBatis]{"createBy":0,"createTime":1510047744264,"deleted":0,"email":"bxp23@163.com","moblie":"123456","password":"202CB962AC59075B964B07152D234B70","qq":"5413523","realName":"測試23","remark":"1233123","sex":1,"userName":"test23","wechat":"wahceaes"}
[INFO] [2017-11-07 17:42:24][com.sky.ssm.test.TestMyBatis]{"createBy":0,"createTime":1510047744266,"deleted":0,"email":"bxp24@163.com","moblie":"123456","password":"202CB962AC59075B964B07152D234B70","qq":"5413524","realName":"測試24","remark":"1233123","sex":0,"userName":"test24","wechat":"wahceaes"}
[INFO] [2017-11-07 17:42:24][com.sky.ssm.test.TestMyBatis]{"createBy":0,"createTime":1510047744268,"deleted":0,"email":"bxp25@163.com","moblie":"123456","password":"202CB962AC59075B964B07152D234B70","qq":"5413525","realName":"測試25","remark":"1233123","sex":1,"userName":"test25","wechat":"wahceaes"}
[INFO] [2017-11-07 17:42:24][com.sky.ssm.test.TestMyBatis]{"createBy":0,"createTime":1510047744269,"deleted":0,"email":"bxp26@163.com","moblie":"123456","password":"202CB962AC59075B964B07152D234B70","qq":"5413526","realName":"測試26","remark":"1233123","sex":0,"userName":"test26","wechat":"wahceaes"}
[INFO] [2017-11-07 17:42:24][com.sky.ssm.test.TestMyBatis]{"createBy":0,"createTime":1510047744271,"deleted":0,"email":"bxp27@163.com","moblie":"123456","password":"202CB962AC59075B964B07152D234B70","qq":"5413527","realName":"測試27","remark":"1233123","sex":1,"userName":"test27","wechat":"wahceaes"}
[INFO] [2017-11-07 17:42:24][com.sky.ssm.test.TestMyBatis]{"createBy":0,"createTime":1510047744272,"deleted":0,"email":"bxp28@163.com","moblie":"123456","password":"202CB962AC59075B964B07152D234B70","qq":"5413528","realName":"測試28","remark":"1233123","sex":0,"userName":"test28","wechat":"wahceaes"}
[INFO] [2017-11-07 17:42:24][com.sky.ssm.test.TestMyBatis]{"createBy":0,"createTime":1510047744273,"deleted":0,"email":"bxp29@163.com","moblie":"123456","password":"202CB962AC59075B964B07152D234B70","qq":"5413529","realName":"測試29","remark":"1233123","sex":1,"userName":"test29","wechat":"wahceaes"}
[INFO] [2017-11-07 17:42:24][com.sky.ssm.test.TestMyBatis]{"createBy":0,"createTime":1510047744274,"deleted":0,"email":"bxp30@163.com","moblie":"123456","password":"202CB962AC59075B964B07152D234B70","qq":"5413530","realName":"測試30","remark":"1233123","sex":0,"userName":"test30","wechat":"wahceaes"}
[INFO] [2017-11-07 17:42:24][com.sky.ssm.test.TestMyBatis]{"createBy":0,"createTime":1510047744275,"deleted":0,"email":"bxp31@163.com","moblie":"123456","password":"202CB962AC59075B964B07152D234B70","qq":"5413531","realName":"測試31","remark":"1233123","sex":1,"userName":"test31","wechat":"wahceaes"}
[INFO] [2017-11-07 17:42:24][com.sky.ssm.test.TestMyBatis]{"createBy":0,"createTime":1510047744277,"deleted":0,"email":"bxp32@163.com","moblie":"123456","password":"202CB962AC59075B964B07152D234B70","qq":"5413532","realName":"測試32","remark":"1233123","sex":0,"userName":"test32","wechat":"wahceaes"}
[INFO] [2017-11-07 17:42:24][com.sky.ssm.test.TestMyBatis]{"createBy":0,"createTime":1510047744279,"deleted":0,"email":"bxp33@163.com","moblie":"123456","password":"202CB962AC59075B964B07152D234B70","qq":"5413533","realName":"測試33","remark":"1233123","sex":1,"userName":"test33","wechat":"wahceaes"}
[INFO] [2017-11-07 17:42:24][com.sky.ssm.test.TestMyBatis]{"createBy":0,"createTime":1510047744280,"deleted":0,"email":"bxp34@163.com","moblie":"123456","password":"202CB962AC59075B964B07152D234B70","qq":"5413534","realName":"測試34","remark":"1233123","sex":0,"userName":"test34","wechat":"wahceaes"}
[INFO] [2017-11-07 17:42:24][com.sky.ssm.test.TestMyBatis]{"createBy":0,"createTime":1510047744282,"deleted":0,"email":"bxp35@163.com","moblie":"123456","password":"202CB962AC59075B964B07152D234B70","qq":"5413535","realName":"測試35","remark":"1233123","sex":1,"userName":"test35","wechat":"wahceaes"}
[INFO] [2017-11-07 17:42:24][com.sky.ssm.test.TestMyBatis]{"createBy":0,"createTime":1510047744283,"deleted":0,"email":"bxp36@163.com","moblie":"123456","password":"202CB962AC59075B964B07152D234B70","qq":"5413536","realName":"測試36","remark":"1233123","sex":0,"userName":"test36","wechat":"wahceaes"}
[INFO] [2017-11-07 17:42:24][com.sky.ssm.test.TestMyBatis]{"createBy":0,"createTime":1510047744284,"deleted":0,"email":"bxp37@163.com","moblie":"123456","password":"202CB962AC59075B964B07152D234B70","qq":"5413537","realName":"測試37","remark":"1233123","sex":1,"userName":"test37","wechat":"wahceaes"}
[INFO] [2017-11-07 17:42:24][com.sky.ssm.test.TestMyBatis]{"createBy":0,"createTime":1510047744285,"deleted":0,"email":"bxp38@163.com","moblie":"123456","password":"202CB962AC59075B964B07152D234B70","qq":"5413538","realName":"測試38","remark":"1233123","sex":0,"userName":"test38","wechat":"wahceaes"}
[INFO] [2017-11-07 17:42:24][com.sky.ssm.test.TestMyBatis]{"createBy":0,"createTime":1510047744287,"deleted":0,"email":"bxp39@163.com","moblie":"123456","password":"202CB962AC59075B964B07152D234B70","qq":"5413539","realName":"測試39","remark":"1233123","sex":1,"userName":"test39","wechat":"wahceaes"}
[INFO] [2017-11-07 17:42:24][com.sky.ssm.test.TestMyBatis]{"createBy":0,"createTime":1510047744288,"deleted":0,"email":"bxp40@163.com","moblie":"123456","password":"202CB962AC59075B964B07152D234B70","qq":"5413540","realName":"測試40","remark":"1233123","sex":0,"userName":"test40","wechat":"wahceaes"}
[INFO] [2017-11-07 17:42:24][com.sky.ssm.test.TestMyBatis]{"createBy":0,"createTime":1510047744290,"deleted":0,"email":"bxp41@163.com","moblie":"123456","password":"202CB962AC59075B964B07152D234B70","qq":"5413541","realName":"測試41","remark":"1233123","sex":1,"userName":"test41","wechat":"wahceaes"}
[INFO] [2017-11-07 17:42:24][com.sky.ssm.test.TestMyBatis]{"createBy":0,"createTime":1510047744291,"deleted":0,"email":"bxp42@163.com","moblie":"123456","password":"202CB962AC59075B964B07152D234B70","qq":"5413542","realName":"測試42","remark":"1233123","sex":0,"userName":"test42","wechat":"wahceaes"}
[INFO] [2017-11-07 17:42:24][com.sky.ssm.test.TestMyBatis]{"createBy":0,"createTime":1510047744293,"deleted":0,"email":"bxp43@163.com","moblie":"123456","password":"202CB962AC59075B964B07152D234B70","qq":"5413543","realName":"測試43","remark":"1233123","sex":1,"userName":"test43","wechat":"wahceaes"}
[INFO] [2017-11-07 17:42:24][com.sky.ssm.test.TestMyBatis]{"createBy":0,"createTime":1510047744294,"deleted":0,"email":"bxp44@163.com","moblie":"123456","password":"202CB962AC59075B964B07152D234B70","qq":"5413544","realName":"測試44","remark":"1233123","sex":0,"userName":"test44","wechat":"wahceaes"}
[INFO] [2017-11-07 17:42:24][com.sky.ssm.test.TestMyBatis]{"createBy":0,"createTime":1510047744295,"deleted":0,"email":"bxp45@163.com","moblie":"123456","password":"202CB962AC59075B964B07152D234B70","qq":"5413545","realName":"測試45","remark":"1233123","sex":1,"userName":"test45","wechat":"wahceaes"}
[INFO] [2017-11-07 17:42:24][com.sky.ssm.test.TestMyBatis]{"createBy":0,"createTime":1510047744297,"deleted":0,"email":"bxp46@163.com","moblie":"123456","password":"202CB962AC59075B964B07152D234B70","qq":"5413546","realName":"測試46","remark":"1233123","sex":0,"userName":"test46","wechat":"wahceaes"}
[INFO] [2017-11-07 17:42:24][com.sky.ssm.test.TestMyBatis]{"createBy":0,"createTime":1510047744298,"deleted":0,"email":"bxp47@163.com","moblie":"123456","password":"202CB962AC59075B964B07152D234B70","qq":"5413547","realName":"測試47","remark":"1233123","sex":1,"userName":"test47","wechat":"wahceaes"}
[INFO] [2017-11-07 17:42:24][com.sky.ssm.test.TestMyBatis]{"createBy":0,"createTime":1510047744299,"deleted":0,"email":"bxp48@163.com","moblie":"123456","password":"202CB962AC59075B964B07152D234B70","qq":"5413548","realName":"測試48","remark":"1233123","sex":0,"userName":"test48","wechat":"wahceaes"}
[INFO] [2017-11-07 17:42:24][com.sky.ssm.test.TestMyBatis]{"createBy":0,"createTime":1510047744300,"deleted":0,"email":"bxp49@163.com","moblie":"123456","password":"202CB962AC59075B964B07152D234B70","qq":"5413549","realName":"測試49","remark":"1233123","sex":1,"userName":"test49","wechat":"wahceaes"}
[INFO] [2017-11-07 17:42:24][com.sky.ssm.test.TestMyBatis]{"createBy":0,"createTime":1510047744301,"deleted":0,"email":"bxp50@163.com","moblie":"123456","password":"202CB962AC59075B964B07152D234B70","qq":"5413550","realName":"測試50","remark":"1233123","sex":0,"userName":"test50","wechat":"wahceaes"}
[INFO] [2017-11-07 17:42:24][com.sky.ssm.test.TestMyBatis]{"createBy":0,"createTime":1510047744303,"deleted":0,"email":"bxp51@163.com","moblie":"123456","password":"202CB962AC59075B964B07152D234B70","qq":"5413551","realName":"測試51","remark":"1233123","sex":1,"userName":"test51","wechat":"wahceaes"}
[INFO] [2017-11-07 17:42:24][com.sky.ssm.test.TestMyBatis]{"createBy":0,"createTime":1510047744304,"deleted":0,"email":"bxp52@163.com","moblie":"123456","password":"202CB962AC59075B964B07152D234B70","qq":"5413552","realName":"測試52","remark":"1233123","sex":0,"userName":"test52","wechat":"wahceaes"}
[INFO] [2017-11-07 17:42:24][com.sky.ssm.test.TestMyBatis]{"createBy":0,"createTime":1510047744305,"deleted":0,"email":"bxp53@163.com","moblie":"123456","password":"202CB962AC59075B964B07152D234B70","qq":"5413553","realName":"測試53","remark":"1233123","sex":1,"userName":"test53","wechat":"wahceaes"}
[INFO] [2017-11-07 17:42:24][com.sky.ssm.test.TestMyBatis]{"createBy":0,"createTime":1510047744305,"deleted":0,"email":"bxp54@163.com","moblie":"123456","password":"202CB962AC59075B964B07152D234B70","qq":"5413554","realName":"測試54","remark":"1233123","sex":0,"userName":"test54","wechat":"wahceaes"}
[INFO] [2017-11-07 17:42:24][com.sky.ssm.test.TestMyBatis]{"createBy":0,"createTime":1510047744306,"deleted":0,"email":"bxp55@163.com","moblie":"123456","password":"202CB962AC59075B964B07152D234B70","qq":"5413555","realName":"測試55","remark":"1233123","sex":1,"userName":"test55","wechat":"wahceaes"}
[INFO] [2017-11-07 17:42:24][com.sky.ssm.test.TestMyBatis]{"createBy":0,"createTime":1510047744309,"deleted":0,"email":"bxp56@163.com","moblie":"123456","password":"202CB962AC59075B964B07152D234B70","qq":"5413556","realName":"測試56","remark":"1233123","sex":0,"userName":"test56","wechat":"wahceaes"}
[INFO] [2017-11-07 17:42:24][com.sky.ssm.test.TestMyBatis]{"createBy":0,"createTime":1510047744310,"deleted":0,"email":"bxp57@163.com","moblie":"123456","password":"202CB962AC59075B964B07152D234B70","qq":"5413557","realName":"測試57","remark":"1233123","sex":1,"userName":"test57","wechat":"wahceaes"}
[INFO] [2017-11-07 17:42:24][com.sky.ssm.test.TestMyBatis]{"createBy":0,"createTime":1510047744312,"deleted":0,"email":"bxp58@163.com","moblie":"123456","password":"202CB962AC59075B964B07152D234B70","qq":"5413558","realName":"測試58","remark":"1233123","sex":0,"userName":"test58","wechat":"wahceaes"}
[INFO] [2017-11-07 17:42:24][com.sky.ssm.test.TestMyBatis]{"createBy":0,"createTime":1510047744313,"deleted":0,"email":"bxp59@163.com","moblie":"123456","password":"202CB962AC59075B964B07152D234B70","qq":"5413559","realName":"測試59","remark":"1233123","sex":1,"userName":"test59","wechat":"wahceaes"}
[INFO] [2017-11-07 17:42:24][com.sky.ssm.test.TestMyBatis]{"createBy":0,"createTime":1510047744314,"deleted":0,"email":"bxp60@163.com","moblie":"123456","password":"202CB962AC59075B964B07152D234B70","qq":"5413560","realName":"測試60","remark":"1233123","sex":0,"userName":"test60","wechat":"wahceaes"}
[INFO] [2017-11-07 17:42:24][com.sky.ssm.test.TestMyBatis]{"createBy":0,"createTime":1510047744315,"deleted":0,"email":"bxp61@163.com","moblie":"123456","password":"202CB962AC59075B964B07152D234B70","qq":"5413561","realName":"測試61","remark":"1233123","sex":1,"userName":"test61","wechat":"wahceaes"}
[INFO] [2017-11-07 17:42:24][com.sky.ssm.test.TestMyBatis]{"createBy":0,"createTime":1510047744316,"deleted":0,"email":"bxp62@163.com","moblie":"123456","password":"202CB962AC59075B964B07152D234B70","qq":"5413562","realName":"測試62","remark":"1233123","sex":0,"userName":"test62","wechat":"wahceaes"}
[INFO] [2017-11-07 17:42:24][com.sky.ssm.test.TestMyBatis]{"createBy":0,"createTime":1510047744318,"deleted":0,"email":"bxp63@163.com","moblie":"123456","password":"202CB962AC59075B964B07152D234B70","qq":"5413563","realName":"測試63","remark":"1233123","sex":1,"userName":"test63","wechat":"wahceaes"}
[INFO] [2017-11-07 17:42:24][com.sky.ssm.test.TestMyBatis]{"createBy":0,"createTime":1510047744319,"deleted":0,"email":"bxp64@163.com","moblie":"123456","password":"202CB962AC59075B964B07152D234B70","qq":"5413564","realName":"測試64","remark":"1233123","sex":0,"userName":"test64","wechat":"wahceaes"}
[INFO] [2017-11-07 17:42:24][com.sky.ssm.test.TestMyBatis]{"createBy":0,"createTime":1510047744320,"deleted":0,"email":"bxp65@163.com","moblie":"123456","password":"202CB962AC59075B964B07152D234B70","qq":"5413565","realName":"測試65","remark":"1233123","sex":1,"userName":"test65","wechat":"wahceaes"}
[INFO] [2017-11-07 17:42:24][com.sky.ssm.test.TestMyBatis]{"createBy":0,"createTime":1510047744322,"deleted":0,"email":"bxp66@163.com","moblie":"123456","password":"202CB962AC59075B964B07152D234B70","qq":"5413566","realName":"測試66","remark":"1233123","sex":0,"userName":"test66","wechat":"wahceaes"}
[INFO] [2017-11-07 17:42:24][com.sky.ssm.test.TestMyBatis]{"createBy":0,"createTime":1510047744323,"deleted":0,"email":"bxp67@163.com","moblie":"123456","password":"202CB962AC59075B964B07152D234B70","qq":"5413567","realName":"測試67","remark":"1233123","sex":1,"userName":"test67","wechat":"wahceaes"}
[INFO] [2017-11-07 17:42:24][com.sky.ssm.test.TestMyBatis]{"createBy":0,"createTime":1510047744324,"deleted":0,"email":"bxp68@163.com","moblie":"123456","password":"202CB962AC59075B964B07152D234B70","qq":"5413568","realName":"測試68","remark":"1233123","sex":0,"userName":"test68","wechat":"wahceaes"}
[INFO] [2017-11-07 17:42:24][com.sky.ssm.test.TestMyBatis]{"createBy":0,"createTime":1510047744325,"deleted":0,"email":"bxp69@163.com","moblie":"123456","password":"202CB962AC59075B964B07152D234B70","qq":"5413569","realName":"測試69","remark":"1233123","sex":1,"userName":"test69","wechat":"wahceaes"}
[INFO] [2017-11-07 17:42:24][com.sky.ssm.test.TestMyBatis]{"createBy":0,"createTime":1510047744326,"deleted":0,"email":"bxp70@163.com","moblie":"123456","password":"202CB962AC59075B964B07152D234B70","qq":"5413570","realName":"測試70","remark":"1233123","sex":0,"userName":"test70","wechat":"wahceaes"}
[INFO] [2017-11-07 17:42:24][com.sky.ssm.test.TestMyBatis]{"createBy":0,"createTime":1510047744328,"deleted":0,"email":"bxp71@163.com","moblie":"123456","password":"202CB962AC59075B964B07152D234B70","qq":"5413571","realName":"測試71","remark":"1233123","sex":1,"userName":"test71","wechat":"wahceaes"}
[INFO] [2017-11-07 17:42:24][com.sky.ssm.test.TestMyBatis]{"createBy":0,"createTime":1510047744330,"deleted":0,"email":"bxp72@163.com","moblie":"123456","password":"202CB962AC59075B964B07152D234B70","qq":"5413572","realName":"測試72","remark":"1233123","sex":0,"userName":"test72","wechat":"wahceaes"}
[INFO] [2017-11-07 17:42:24][com.sky.ssm.test.TestMyBatis]{"createBy":0,"createTime":1510047744332,"deleted":0,"email":"bxp73@163.com","moblie":"123456","password":"202CB962AC59075B964B07152D234B70","qq":"5413573","realName":"測試73","remark":"1233123","sex":1,"userName":"test73","wechat":"wahceaes"}
[INFO] [2017-11-07 17:42:24][com.sky.ssm.test.TestMyBatis]{"createBy":0,"createTime":1510047744333,"deleted":0,"email":"bxp74@163.com","moblie":"123456","password":"202CB962AC59075B964B07152D234B70","qq":"5413574","realName":"測試74","remark":"1233123","sex":0,"userName":"test74","wechat":"wahceaes"}
[INFO] [2017-11-07 17:42:24][com.sky.ssm.test.TestMyBatis]{"createBy":0,"createTime":1510047744335,"deleted":0,"email":"bxp75@163.com","moblie":"123456","password":"202CB962AC59075B964B07152D234B70","qq":"5413575","realName":"測試75","remark":"1233123","sex":1,"userName":"test75","wechat":"wahceaes"}
[INFO] [2017-11-07 17:42:24][com.sky.ssm.test.TestMyBatis]{"createBy":0,"createTime":1510047744336,"deleted":0,"email":"bxp76@163.com","moblie":"123456","password":"202CB962AC59075B964B07152D234B70","qq":"5413576","realName":"測試76","remark":"1233123","sex":0,"userName":"test76","wechat":"wahceaes"}
[INFO] [2017-11-07 17:42:24][com.sky.ssm.test.TestMyBatis]{"createBy":0,"createTime":1510047744337,"deleted":0,"email":"bxp77@163.com","moblie":"123456","password":"202CB962AC59075B964B07152D234B70","qq":"5413577","realName":"測試77","remark":"1233123","sex":1,"userName":"test77","wechat":"wahceaes"}
[INFO] [2017-11-07 17:42:24][com.sky.ssm.test.TestMyBatis]{"createBy":0,"createTime":1510047744339,"deleted":0,"email":"bxp78@163.com","moblie":"123456","password":"202CB962AC59075B964B07152D234B70","qq":"5413578","realName":"測試78","remark":"1233123","sex":0,"userName":"test78","wechat":"wahceaes"}
[INFO] [2017-11-07 17:42:24][com.sky.ssm.test.TestMyBatis]{"createBy":0,"createTime":1510047744340,"deleted":0,"email":"bxp79@163.com","moblie":"123456","password":"202CB962AC59075B964B07152D234B70","qq":"5413579","realName":"測試79","remark":"1233123","sex":1,"userName":"test79","wechat":"wahceaes"}
[INFO] [2017-11-07 17:42:24][com.sky.ssm.test.TestMyBatis]{"createBy":0,"createTime":1510047744345,"deleted":0,"email":"bxp80@163.com","moblie":"123456","password":"202CB962AC59075B964B07152D234B70","qq":"5413580","realName":"測試80","remark":"1233123","sex":0,"userName":"test80","wechat":"wahceaes"}
[INFO] [2017-11-07 17:42:24][com.sky.ssm.test.TestMyBatis]{"createBy":0,"createTime":1510047744350,"deleted":0,"email":"bxp81@163.com","moblie":"123456","password":"202CB962AC59075B964B07152D234B70","qq":"5413581","realName":"測試81","remark":"1233123","sex":1,"userName":"test81","wechat":"wahceaes"}
[INFO] [2017-11-07 17:42:24][com.sky.ssm.test.TestMyBatis]{"createBy":0,"createTime":1510047744351,"deleted":0,"email":"bxp82@163.com","moblie":"123456","password":"202CB962AC59075B964B07152D234B70","qq":"5413582","realName":"測試82","remark":"1233123","sex":0,"userName":"test82","wechat":"wahceaes"}
[INFO] [2017-11-07 17:42:24][com.sky.ssm.test.TestMyBatis]{"createBy":0,"createTime":1510047744352,"deleted":0,"email":"bxp83@163.com","moblie":"123456","password":"202CB962AC59075B964B07152D234B70","qq":"5413583","realName":"測試83","remark":"1233123","sex":1,"userName":"test83","wechat":"wahceaes"}
[INFO] [2017-11-07 17:42:24][com.sky.ssm.test.TestMyBatis]{"createBy":0,"createTime":1510047744354,"deleted":0,"email":"bxp84@163.com","moblie":"123456","password":"202CB962AC59075B964B07152D234B70","qq":"5413584","realName":"測試84","remark":"1233123","sex":0,"userName":"test84","wechat":"wahceaes"}
[INFO] [2017-11-07 17:42:24][com.sky.ssm.test.TestMyBatis]{"createBy":0,"createTime":1510047744355,"deleted":0,"email":"bxp85@163.com","moblie":"123456","password":"202CB962AC59075B964B07152D234B70","qq":"5413585","realName":"測試85","remark":"1233123","sex":1,"userName":"test85","wechat":"wahceaes"}
[INFO] [2017-11-07 17:42:24][com.sky.ssm.test.TestMyBatis]{"createBy":0,"createTime":1510047744356,"deleted":0,"email":"bxp86@163.com","moblie":"123456","password":"202CB962AC59075B964B07152D234B70","qq":"5413586","realName":"測試86","remark":"1233123","sex":0,"userName":"test86","wechat":"wahceaes"}
[INFO] [2017-11-07 17:42:24][com.sky.ssm.test.TestMyBatis]{"createBy":0,"createTime":1510047744358,"deleted":0,"email":"bxp87@163.com","moblie":"123456","password":"202CB962AC59075B964B07152D234B70","qq":"5413587","realName":"測試87","remark":"1233123","sex":1,"userName":"test87","wechat":"wahceaes"}
[INFO] [2017-11-07 17:42:24][com.sky.ssm.test.TestMyBatis]{"createBy":0,"createTime":1510047744359,"deleted":0,"email":"bxp88@163.com","moblie":"123456","password":"202CB962AC59075B964B07152D234B70","qq":"5413588","realName":"測試88","remark":"1233123","sex":0,"userName":"test88","wechat":"wahceaes"}
[INFO] [2017-11-07 17:42:24][com.sky.ssm.test.TestMyBatis]{"createBy":0,"createTime":1510047744361,"deleted":0,"email":"bxp89@163.com","moblie":"123456","password":"202CB962AC59075B964B07152D234B70","qq":"5413589","realName":"測試89","remark":"1233123","sex":1,"userName":"test89","wechat":"wahceaes"}
[INFO] [2017-11-07 17:42:24][com.sky.ssm.test.TestMyBatis]{"createBy":0,"createTime":1510047744362,"deleted":0,"email":"bxp90@163.com","moblie":"123456","password":"202CB962AC59075B964B07152D234B70","qq":"5413590","realName":"測試90","remark":"1233123","sex":0,"userName":"test90","wechat":"wahceaes"}
[INFO] [2017-11-07 17:42:24][com.sky.ssm.test.TestMyBatis]{"createBy":0,"createTime":1510047744363,"deleted":0,"email":"bxp91@163.com","moblie":"123456","password":"202CB962AC59075B964B07152D234B70","qq":"5413591","realName":"測試91","remark":"1233123","sex":1,"userName":"test91","wechat":"wahceaes"}
[INFO] [2017-11-07 17:42:24][com.sky.ssm.test.TestMyBatis]{"createBy":0,"createTime":1510047744364,"deleted":0,"email":"bxp92@163.com","moblie":"123456","password":"202CB962AC59075B964B07152D234B70","qq":"5413592","realName":"測試92","remark":"1233123","sex":0,"userName":"test92","wechat":"wahceaes"}
[INFO] [2017-11-07 17:42:24][com.sky.ssm.test.TestMyBatis]{"createBy":0,"createTime":1510047744365,"deleted":0,"email":"bxp93@163.com","moblie":"123456","password":"202CB962AC59075B964B07152D234B70","qq":"5413593","realName":"測試93","remark":"1233123","sex":1,"userName":"test93","wechat":"wahceaes"}
[INFO] [2017-11-07 17:42:24][com.sky.ssm.test.TestMyBatis]{"createBy":0,"createTime":1510047744366,"deleted":0,"email":"bxp94@163.com","moblie":"123456","password":"202CB962AC59075B964B07152D234B70","qq":"5413594","realName":"測試94","remark":"1233123","sex":0,"userName":"test94","wechat":"wahceaes"}
[INFO] [2017-11-07 17:42:24][com.sky.ssm.test.TestMyBatis]{"createBy":0,"createTime":1510047744367,"deleted":0,"email":"bxp95@163.com","moblie":"123456","password":"202CB962AC59075B964B07152D234B70","qq":"5413595","realName":"測試95","remark":"1233123","sex":1,"userName":"test95","wechat":"wahceaes"}
[INFO] [2017-11-07 17:42:24][com.sky.ssm.test.TestMyBatis]{"createBy":0,"createTime":1510047744368,"deleted":0,"email":"bxp96@163.com","moblie":"123456","password":"202CB962AC59075B964B07152D234B70","qq":"5413596","realName":"測試96","remark":"1233123","sex":0,"userName":"test96","wechat":"wahceaes"}
[INFO] [2017-11-07 17:42:24][com.sky.ssm.test.TestMyBatis]{"createBy":0,"createTime":1510047744369,"deleted":0,"email":"bxp97@163.com","moblie":"123456","password":"202CB962AC59075B964B07152D234B70","qq":"5413597","realName":"測試97","remark":"1233123","sex":1,"userName":"test97","wechat":"wahceaes"}
[INFO] [2017-11-07 17:42:24][com.sky.ssm.test.TestMyBatis]{"createBy":0,"createTime":1510047744370,"deleted":0,"email":"bxp98@163.com","moblie":"123456","password":"202CB962AC59075B964B07152D234B70","qq":"5413598","realName":"測試98","remark":"1233123","sex":0,"userName":"test98","wechat":"wahceaes"}
[INFO] [2017-11-07 17:42:24][com.sky.ssm.test.TestMyBatis]{"createBy":0,"createTime":1510047744371,"deleted":0,"email":"bxp99@163.com","moblie":"123456","password":"202CB962AC59075B964B07152D234B70","qq":"5413599","realName":"測試99","remark":"1233123","sex":1,"userName":"test99","wechat":"wahceaes"}
[INFO] [2017-11-07 17:42:24][org.springframework.context.support.GenericApplicationContext]Closing org.springframework.context.support.GenericApplicationContext@735f7ae5: startup date [Tue Nov 07 17:42:22 CST 2017]; root of context hierarchy
